Building DAG of jobs...
Using shell: /bin/bash
Provided cores: 1 (use --cores to define parallelism)
Rules claiming more threads will be scaled down.
Job stats:
job              count
-------------  -------
all                  1
annotate             1
deseq2               1
preprocess_qc        1
volcano_plot         1
total                5

Select jobs to execute...

[Fri Sep 12 14:14:24 2025]
rule preprocess_qc:
    input: ../rna_seq/sample_counts.csv
    output: ../rna_seq/counts_for_deseq2.csv, ../rna_seq/library_sizes.png
    jobid: 3
    reason: Missing output files: ../rna_seq/counts_for_deseq2.csv
    resources: tmpdir=/var/folders/db/dkqv3mq12fg2m2pqjzjx0_700000gn/T

/Users/justin/bioinformatics_pipeline/.venv/bin/python3 /Users/justin/bioinformatics_pipeline/workflows/.snakemake/scripts/tmp2_p7y85c.preprocess_qc.py
[Fri Sep 12 14:14:24 2025]
Error in rule preprocess_qc:
    jobid: 3
    input: ../rna_seq/sample_counts.csv
    output: ../rna_seq/counts_for_deseq2.csv, ../rna_seq/library_sizes.png

RuleException:
CalledProcessError in file /Users/justin/bioinformatics_pipeline/workflows/Snakefile, line 18:
Command 'set -euo pipefail;  /Users/justin/bioinformatics_pipeline/.venv/bin/python3 /Users/justin/bioinformatics_pipeline/workflows/.snakemake/scripts/tmp2_p7y85c.preprocess_qc.py' returned non-zero exit status 1.
  File "/Users/justin/bioinformatics_pipeline/workflows/Snakefile", line 18, in __rule_preprocess_qc
  File "/Users/justin/.pyenv/versions/3.10.13/lib/python3.10/concurrent/futures/thread.py", line 58, in run
Shutting down, this might take some time.
Exiting because a job execution failed. Look above for error message
Complete log: .snakemake/log/2025-09-12T141423.989059.snakemake.log
