Building DAG of jobs...
Using shell: /bin/bash
Provided cores: 1 (use --cores to define parallelism)
Rules claiming more threads will be scaled down.
Job stats:
job             count
------------  -------
all                 1
volcano_plot        1
total               2

Select jobs to execute...

[Fri Sep 12 14:27:09 2025]
rule volcano_plot:
    input: ../rna_seq/annotated_results.csv
    output: ../rna_seq/volcano_plot.png
    jobid: 4
    reason: Missing output files: ../rna_seq/volcano_plot.png
    resources: tmpdir=/var/folders/db/dkqv3mq12fg2m2pqjzjx0_700000gn/T

/Users/justin/bioinformatics_pipeline/.venv/bin/python3 /Users/justin/bioinformatics_pipeline/workflows/.snakemake/scripts/tmp7qq0lvqy.volcano_plot.py
[Fri Sep 12 14:27:09 2025]
Finished job 4.
1 of 2 steps (50%) done
Select jobs to execute...

[Fri Sep 12 14:27:09 2025]
localrule all:
    input: ../rna_seq/annotated_results.csv, ../rna_seq/volcano_plot.png
    jobid: 0
    reason: Input files updated by another job: ../rna_seq/volcano_plot.png
    resources: tmpdir=/var/folders/db/dkqv3mq12fg2m2pqjzjx0_700000gn/T

[Fri Sep 12 14:27:09 2025]
Finished job 0.
2 of 2 steps (100%) done
Complete log: .snakemake/log/2025-09-12T142709.011630.snakemake.log
