Building DAG of jobs...
Using shell: /bin/bash
Provided cores: 1 (use --cores to define parallelism)
Rules claiming more threads will be scaled down.
Job stats:
job              count
-------------  -------
all                  1
annotate             1
deseq2               1
preprocess_qc        1
volcano_plot         1
total                5

Select jobs to execute...

[Fri Sep 12 14:18:13 2025]
rule preprocess_qc:
    input: ../rna_seq/sample_counts.csv
    output: ../rna_seq/counts_for_deseq2.csv, ../rna_seq/library_sizes.png
    jobid: 3
    reason: Missing output files: ../rna_seq/counts_for_deseq2.csv
    resources: tmpdir=/var/folders/db/dkqv3mq12fg2m2pqjzjx0_700000gn/T

/Users/justin/bioinformatics_pipeline/.venv/bin/python3 /Users/justin/bioinformatics_pipeline/workflows/.snakemake/scripts/tmpne3fp6zb.preprocess_qc.py
[Fri Sep 12 14:18:15 2025]
Finished job 3.
1 of 5 steps (20%) done
Select jobs to execute...

[Fri Sep 12 14:18:15 2025]
rule deseq2:
    input: ../rna_seq/counts_for_deseq2.csv
    output: ../rna_seq/deseq2_results.csv, ../rna_seq/deseq2_MAplot.png
    jobid: 2
    reason: Missing output files: ../rna_seq/deseq2_results.csv; Input files updated by another job: ../rna_seq/counts_for_deseq2.csv
    resources: tmpdir=/var/folders/db/dkqv3mq12fg2m2pqjzjx0_700000gn/T

Rscript --vanilla /Users/justin/bioinformatics_pipeline/workflows/.snakemake/scripts/tmpn0rnjkks.deseq2_analysis.R
[Fri Sep 12 14:18:19 2025]
Error in rule deseq2:
    jobid: 2
    input: ../rna_seq/counts_for_deseq2.csv
    output: ../rna_seq/deseq2_results.csv, ../rna_seq/deseq2_MAplot.png

RuleException:
CalledProcessError in file /Users/justin/bioinformatics_pipeline/workflows/Snakefile, line 27:
Command 'set -euo pipefail;  Rscript --vanilla /Users/justin/bioinformatics_pipeline/workflows/.snakemake/scripts/tmpn0rnjkks.deseq2_analysis.R' returned non-zero exit status 1.
  File "/Users/justin/bioinformatics_pipeline/workflows/Snakefile", line 27, in __rule_deseq2
  File "/Users/justin/.pyenv/versions/3.10.13/lib/python3.10/concurrent/futures/thread.py", line 58, in run
Shutting down, this might take some time.
Exiting because a job execution failed. Look above for error message
Complete log: .snakemake/log/2025-09-12T141813.510401.snakemake.log
